app/build/intermediates/manifest_merge_blame_file/debug/manifest-merger-blame-debug-report.txt
1<?xml version="1.0" encoding="utf-8"?>
2<!--
3 Replace com.test.game with the identifier of your game below, e.g.
4     com.gamemaker.game
5-->
6<manifest xmlns:android="http://schemas.android.com/apk/res/android"
7    package="org.libsdl.app"
8    android:installLocation="auto"
9    android:versionCode="1"
10    android:versionName="1.0" >
11
12    <uses-sdk
13        android:minSdkVersion="16"
13-->src/main/AndroidManifest.xml
14        android:targetSdkVersion="31" />
14-->src/main/AndroidManifest.xml
15
16    <!-- OpenGL ES 2.0 -->
17    <uses-feature android:glEsVersion="0x00020000" />
17-->src/main/AndroidManifest.xml:12:5-54
17-->src/main/AndroidManifest.xml:12:19-51
18
19    <!-- Touchscreen support -->
20    <uses-feature
20-->src/main/AndroidManifest.xml:15:5-17:36
21        android:name="android.hardware.touchscreen"
21-->src/main/AndroidManifest.xml:16:9-52
22        android:required="false" />
22-->src/main/AndroidManifest.xml:17:9-33
23
24    <!-- Game controller support -->
25    <uses-feature
25-->src/main/AndroidManifest.xml:20:5-22:36
26        android:name="android.hardware.bluetooth"
26-->src/main/AndroidManifest.xml:21:9-50
27        android:required="false" />
27-->src/main/AndroidManifest.xml:22:9-33
28    <uses-feature
28-->src/main/AndroidManifest.xml:23:5-25:36
29        android:name="android.hardware.gamepad"
29-->src/main/AndroidManifest.xml:24:9-48
30        android:required="false" />
30-->src/main/AndroidManifest.xml:25:9-33
31    <uses-feature
31-->src/main/AndroidManifest.xml:26:5-28:36
32        android:name="android.hardware.usb.host"
32-->src/main/AndroidManifest.xml:27:9-49
33        android:required="false" />
33-->src/main/AndroidManifest.xml:28:9-33
34
35    <!-- External mouse input events -->
36    <uses-feature
36-->src/main/AndroidManifest.xml:31:5-33:36
37        android:name="android.hardware.type.pc"
37-->src/main/AndroidManifest.xml:32:9-48
38        android:required="false" />
38-->src/main/AndroidManifest.xml:33:9-33
39
40    <!-- Audio recording support -->
41    <!-- if you want to capture audio, uncomment this. -->
42    <!--
43         <uses-feature
44        android:name="android.hardware.microphone"
45        android:required="false" />
46    -->
47
48
49    <!-- Allow downloading to the external storage on Android 5.1 and older -->
50    <!-- <uses-permission android:name="android.permission.WRITE_EXTERNAL_STORAGE" android:maxSdkVersion="22" /> -->
51
52
53    <!-- Allow access to Bluetooth devices -->
54    <!-- Currently this is just for Steam Controller support and requires setting SDL_HINT_JOYSTICK_HIDAPI_STEAM -->
55    <!-- <uses-permission android:name="android.permission.BLUETOOTH" android:maxSdkVersion="30" /> -->
56    <!-- <uses-permission android:name="android.permission.BLUETOOTH_CONNECT" /> -->
57
58
59    <!-- Allow access to the vibrator -->
60    <uses-permission android:name="android.permission.VIBRATE" />
60-->src/main/AndroidManifest.xml:50:5-66
60-->src/main/AndroidManifest.xml:50:22-63
61
62    <!-- if you want to capture audio, uncomment this. -->
63    <!-- <uses-permission android:name="android.permission.RECORD_AUDIO" /> -->
64    <!--
65 Create a Java class extending SDLActivity and place it in a
66         directory under app/src/main/java matching the package, e.g. app/src/main/java/com/gamemaker/game/MyGame.java
67 
68         then replace "SDLActivity" with the name of your class (e.g. "MyGame")
69         in the XML below.
70
71         An example Java class can be found in README-android.md
72    -->
73    <application
73-->src/main/AndroidManifest.xml:63:5-99:19
74        android:allowBackup="true"
74-->src/main/AndroidManifest.xml:65:9-35
75        android:appComponentFactory="android.support.v4.app.CoreComponentFactory"
75-->[com.android.support:support-compat:28.0.0] AndroidManifest.xml:22:18-91
76        android:debuggable="true"
77        android:hardwareAccelerated="true"
77-->src/main/AndroidManifest.xml:67:9-43
78        android:icon="@mipmap/ic_launcher"
78-->src/main/AndroidManifest.xml:64:9-43
79        android:label="@string/app_name"
79-->src/main/AndroidManifest.xml:63:18-50
80        android:testOnly="true"
81        android:theme="@android:style/Theme.NoTitleBar.Fullscreen" >
81-->src/main/AndroidManifest.xml:66:9-67
82
83        <!--
84        Example of setting SDL hints from AndroidManifest.xml:
85        <meta-data android:name="SDL_ENV.SDL_ACCELEROMETER_AS_JOYSTICK" android:value="0"/>
86        -->
87
88        <activity
88-->src/main/AndroidManifest.xml:73:9-98:20
89            android:name="com.ferdinandsilva.f1.GameActivity"
89-->src/main/AndroidManifest.xml:73:19-46
90            android:alwaysRetainTaskState="true"
90-->src/main/AndroidManifest.xml:75:13-49
91            android:configChanges="layoutDirection|locale|orientation|uiMode|screenLayout|screenSize|smallestScreenSize|keyboard|keyboardHidden|navigation"
91-->src/main/AndroidManifest.xml:77:13-156
92            android:exported="true"
92-->src/main/AndroidManifest.xml:80:13-36
93            android:label="@string/app_name"
93-->src/main/AndroidManifest.xml:74:13-45
94            android:launchMode="singleInstance"
94-->src/main/AndroidManifest.xml:76:13-48
95            android:preferMinimalPostProcessing="true"
95-->src/main/AndroidManifest.xml:78:13-55
96            android:screenOrientation="landscape" >
96-->src/main/AndroidManifest.xml:79:13-50
97            <intent-filter>
97-->src/main/AndroidManifest.xml:82:13-85:29
98                <action android:name="android.intent.action.MAIN" />
98-->src/main/AndroidManifest.xml:83:17-69
98-->src/main/AndroidManifest.xml:83:25-66
99
100                <category android:name="android.intent.category.LAUNCHER" />
100-->src/main/AndroidManifest.xml:84:17-77
100-->src/main/AndroidManifest.xml:84:27-74
101            </intent-filter>
102            <!-- Let Android know that we can handle some USB devices and should receive this event -->
103            <intent-filter>
103-->src/main/AndroidManifest.xml:87:13-89:29
104                <action android:name="android.hardware.usb.action.USB_DEVICE_ATTACHED" />
104-->src/main/AndroidManifest.xml:88:17-90
104-->src/main/AndroidManifest.xml:88:25-87
105            </intent-filter>
106            <!-- Drop file event -->
107            <!--
108            <intent-filter>
109                <action android:name="android.intent.action.VIEW" />
110                <category android:name="android.intent.category.DEFAULT" />
111                <data android:mimeType="*/*" />
112            </intent-filter>
113            -->
114        </activity>
115    </application>
116
117</manifest>